CRITICAL - 2023-09-19 05:35:50 --> compact(): Undefined variable $products
in APPPATH\Controllers\Home.php on line 34.
 1 [internal function]: CodeIgniter\Debug\Exceptions->errorHandler(2, 'compact(): Undefined variable $products', 'C:\\laragon\\www\\CRUD\\app\\Controllers\\Home.php', 34)
 2 APPPATH\Controllers\Home.php(34): compact('products')
 3 SYSTEMPATH\CodeIgniter.php(919): App\Controllers\Home->insert()
 4 SYSTEMPATH\CodeIgniter.php(494): CodeIgniter\CodeIgniter->runController(Object(App\Controllers\Home))
 5 SYSTEMPATH\CodeIgniter.php(353): CodeIgniter\CodeIgniter->handleRequest(null, Object(Config\Cache), false)
 6 FCPATH\index.php(79): CodeIgniter\CodeIgniter->run()
 7 SYSTEMPATH\Commands\Server\rewrite.php(47): require_once('C:\\laragon\\www\\CRUD\\public\\index.php')
CRITICAL - 2023-09-19 05:39:27 --> Undefined array key "ID"
in APPPATH\Views\insert.php on line 74.
 1 APPPATH\Views\insert.php(74): CodeIgniter\Debug\Exceptions->errorHandler(2, 'Undefined array key "ID"', 'C:\\laragon\\www\\CRUD\\app\\Views\\insert.php', 74)
 2 SYSTEMPATH\View\View.php(226): include('C:\\laragon\\www\\CRUD\\app\\Views\\insert.php')
 3 SYSTEMPATH\View\View.php(229): CodeIgniter\View\View->CodeIgniter\View\{closure}()
 4 SYSTEMPATH\Common.php(1188): CodeIgniter\View\View->render('insert', [], true)
 5 APPPATH\Controllers\Home.php(38): view('insert', [...])
 6 SYSTEMPATH\CodeIgniter.php(919): App\Controllers\Home->insert()
 7 SYSTEMPATH\CodeIgniter.php(494): CodeIgniter\CodeIgniter->runController(Object(App\Controllers\Home))
 8 SYSTEMPATH\CodeIgniter.php(353): CodeIgniter\CodeIgniter->handleRequest(null, Object(Config\Cache), false)
 9 FCPATH\index.php(79): CodeIgniter\CodeIgniter->run()
10 SYSTEMPATH\Commands\Server\rewrite.php(47): require_once('C:\\laragon\\www\\CRUD\\public\\index.php')
CRITICAL - 2023-09-19 06:06:23 --> Undefined variable $products
in APPPATH\Views\insert.php on line 74.
 1 APPPATH\Views\insert.php(74): CodeIgniter\Debug\Exceptions->errorHandler(2, 'Undefined variable $products', 'C:\\laragon\\www\\CRUD\\app\\Views\\insert.php', 74)
 2 SYSTEMPATH\View\View.php(226): include('C:\\laragon\\www\\CRUD\\app\\Views\\insert.php')
 3 SYSTEMPATH\View\View.php(229): CodeIgniter\View\View->CodeIgniter\View\{closure}()
 4 SYSTEMPATH\Common.php(1188): CodeIgniter\View\View->render('insert', [], true)
 5 APPPATH\Controllers\Home.php(28): view('insert')
 6 SYSTEMPATH\CodeIgniter.php(919): App\Controllers\Home->insert()
 7 SYSTEMPATH\CodeIgniter.php(494): CodeIgniter\CodeIgniter->runController(Object(App\Controllers\Home))
 8 SYSTEMPATH\CodeIgniter.php(353): CodeIgniter\CodeIgniter->handleRequest(null, Object(Config\Cache), false)
 9 FCPATH\index.php(79): CodeIgniter\CodeIgniter->run()
10 SYSTEMPATH\Commands\Server\rewrite.php(47): require_once('C:\\laragon\\www\\CRUD\\public\\index.php')
CRITICAL - 2023-09-19 07:29:15 --> Undefined variable $products
in APPPATH\Views\insert.php on line 74.
 1 APPPATH\Views\insert.php(74): CodeIgniter\Debug\Exceptions->errorHandler(2, 'Undefined variable $products', 'C:\\laragon\\www\\CRUD\\app\\Views\\insert.php', 74)
 2 SYSTEMPATH\View\View.php(226): include('C:\\laragon\\www\\CRUD\\app\\Views\\insert.php')
 3 SYSTEMPATH\View\View.php(229): CodeIgniter\View\View->CodeIgniter\View\{closure}()
 4 SYSTEMPATH\Common.php(1188): CodeIgniter\View\View->render('insert', [], true)
 5 APPPATH\Controllers\Home.php(28): view('insert')
 6 SYSTEMPATH\CodeIgniter.php(919): App\Controllers\Home->insert()
 7 SYSTEMPATH\CodeIgniter.php(494): CodeIgniter\CodeIgniter->runController(Object(App\Controllers\Home))
 8 SYSTEMPATH\CodeIgniter.php(353): CodeIgniter\CodeIgniter->handleRequest(null, Object(Config\Cache), false)
 9 FCPATH\index.php(79): CodeIgniter\CodeIgniter->run()
10 SYSTEMPATH\Commands\Server\rewrite.php(47): require_once('C:\\laragon\\www\\CRUD\\public\\index.php')
